temp/xxnedtmp1/event.log NEWFILE1
temp/xxnedtmp1/text.log NEWFILE2
temp/xxnedtmp1/environ.log NEWFILE3
C:\Cadence17\Cadence\Cadence_SPB_17.2-2016\share\cdssetup/concept/concepthdl.scr FILE4
C:\Users\Jimmy-X\Desktop\短学期\designer\cds.lib FILE5
C:\Users\Jimmy-X\Desktop\短学期\designer\worklib\52\sch_1\page1.csb FILE6
C:\Users\Jimmy-X\Desktop\短学期\designer\worklib\52\sch_1\page_map.lck NEWFILE7
C:\Users\Jimmy-X\Desktop\短学期\designer\worklib\52\sch_1\page1_csb.lck NEWFILE8
temp/xxnedtmp1/undo1.log NEWFILE9
C:\Cadence17\Cadence\Cadence_SPB_17.2-2016\share\library\standard\b#20size#20page\sym_1\symbol.css FILE10
C:\Users\Jimmy-X\Desktop\短学期\designer\worklib\resistor\sym_1\symbol.css FILE11
C:\Users\Jimmy-X\Desktop\短学期\designer\worklib\switch\sym_1\symbol.css FILE12
C:\Users\Jimmy-X\Desktop\短学期\designer\worklib\buzz\sym_1\symbol.css FILE13
C:\Users\Jimmy-X\Desktop\短学期\designer\worklib\led\sym_1\symbol.css FILE14
C:\Users\Jimmy-X\Desktop\短学期\designer\worklib\potentiometer\sym_1\symbol.css FILE15
C:\Users\Jimmy-X\Desktop\短学期\designer\worklib\lcd1602\sym_1\symbol.css FILE16
C:\Users\Jimmy-X\Desktop\短学期\designer\worklib\socket5\sym_1\symbol.css FILE17
C:\Users\Jimmy-X\Desktop\短学期\designer\worklib\socket6\sym_1\symbol.css FILE18
C:\Users\Jimmy-X\Desktop\短学期\designer\worklib\mlx90614\sym_1\symbol.css FILE19
C:\Users\Jimmy-X\Desktop\短学期\designer\worklib\socket2\sym_1\symbol.css FILE20
C:\Users\Jimmy-X\Desktop\短学期\designer\worklib\switch_lock\sym_1\symbol.css FILE21
C:\Users\Jimmy-X\Desktop\短学期\designer\worklib\capacitance\sym_1\symbol.css FILE22
C:\Users\Jimmy-X\Desktop\短学期\designer\worklib\crystal\sym_1\symbol.css FILE23
C:\Users\Jimmy-X\Desktop\短学期\designer\worklib\stc89c52\sym_1\symbol.css FILE24
C:\Users\Jimmy-X\Desktop\短学期\designer\worklib\l7805\sym_1\symbol.css FILE25
C:\Users\Jimmy-X\Desktop\短学期\designer\worklib\52\sch_1\page1_csa.lck NEWFILE26
C:/Users/Jimmy-X/Desktop/短学期/designer/worklib/52/sch_1/52.xcon FILE27
C:/Users/Jimmy-X/Desktop/短学期/designer/worklib/52/sch_1/52.dcf FILE28
C:/Cadence17/Cadence/Cadence_SPB_17.2-2016/tools/language/config.dat FILE29
temp/xxnedtmp1/concept.mkr NEWFILE30
C:/Cadence17/Cadence/Cadence_SPB_17.2-2016/tools/language/pack_type_rename.dat NEWFILE31
temp/xxnedtmp1/../b#20size#20page.mkr NEWFILE32
temp/xxnedtmp1/../switch.mkr NEWFILE33
temp/xxnedtmp1/../socket6.mkr NEWFILE34
temp/xxnedtmp1/../lcd1602.mkr NEWFILE35
temp/xxnedtmp1/../potentiometer.mkr NEWFILE36
temp/xxnedtmp1/../socket5.mkr NEWFILE37
temp/xxnedtmp1/../resistor.mkr NEWFILE38
temp/xxnedtmp1/../capacitance.mkr NEWFILE39
temp/xxnedtmp1/../buzz.mkr NEWFILE40
temp/xxnedtmp1/../led.mkr NEWFILE41
temp/xxnedtmp1/../mlx90614.mkr NEWFILE42
temp/xxnedtmp1/../socket2.mkr NEWFILE43
temp/xxnedtmp1/../switch_lock.mkr NEWFILE44
temp/xxnedtmp1/../crystal.mkr NEWFILE45
temp/xxnedtmp1/../stc89c52.mkr NEWFILE46
temp/xxnedtmp1/../l7805.mkr NEWFILE47
C:/Users/Jimmy-X/Desktop/短学期/designer/worklib/52/sch_1/52_xcon.lck NEWFILE48
C:/Users/Jimmy-X/Desktop/短学期/designer/worklib/52/sch_1/52_dcf.lck NEWFILE49
C:\Users\Jimmy-X\Desktop\短学期\designer\worklib\52\sch_1\page1.csa FILE50
C:\Users\Jimmy-X\Desktop\短学期\designer\worklib\52\sch_1\page1.csv FILE51
temp/xxnedtmp1/csnetlister.mkr NEWFILE52
