FILE_TYPE=LIBRARY_PARTS;
primitive 'SOCKET2';
  pin
    'V+':
      PIN_NUMBER='(1)';
      PINUSE='UNSPEC';
      NO_LOAD_CHECK='Both';
      NO_IO_CHECK='Both';
      NO_ASSERT_CHECK='TRUE';
      NO_DIR_CHECK='TRUE';
      ALLOW_CONNECT='TRUE';
    'GND':
      PIN_NUMBER='(2)';
      PINUSE='UNSPEC';
      NO_LOAD_CHECK='Both';
      NO_IO_CHECK='Both';
      NO_ASSERT_CHECK='TRUE';
      NO_DIR_CHECK='TRUE';
      ALLOW_CONNECT='TRUE';
  end_pin;
  body
    PART_NUMBER='SOCKET2';
    VENDOR='*';
    BODY_NAME='SOCKET2';
    PART_NAME='SOCKET2';
    JEDEC_TYPE='Socket2';
    PHYS_DES_PREFIX='SOCKET2';
    CLASS='DISCRETE';
  end_body;
end_primitive;

END.
