temp/xxnedtmp2/event.log NEWFILE1
temp/xxnedtmp2/text.log NEWFILE2
temp/xxnedtmp2/environ.log NEWFILE3
C:\Cadence17\Cadence\Cadence_SPB_17.2-2016\share\cdssetup/concept/concepthdl.scr FILE4
C:\Users\Jimmy-X\Desktop\短学期\designer\cds.lib FILE5
C:\Users\Jimmy-X\Desktop\短学期\designer\worklib\52\sch_1\page1.csb FILE6
C:\Users\Jimmy-X\Desktop\短学期\designer\worklib\52\sch_1\page_map.lck NEWFILE7
C:\Users\Jimmy-X\Desktop\短学期\designer\worklib\52\sch_1\page1_csb.lck NEWFILE8
temp/xxnedtmp2/undo1.log NEWFILE9
C:\Cadence17\Cadence\Cadence_SPB_17.2-2016\share\library\standard\b#20size#20page\sym_1\symbol.css FILE10
C:\Users\Jimmy-X\Desktop\短学期\designer\worklib\bjt_pnp\sym_1\symbol.css FILE11
C:\Users\Jimmy-X\Desktop\短学期\designer\worklib\resistor\sym_1\symbol.css FILE12
C:\Users\Jimmy-X\Desktop\短学期\designer\worklib\oled\sym_1\symbol.css FILE13
C:\Users\Jimmy-X\Desktop\短学期\designer\worklib\at24c02\sym_1\symbol.css FILE14
C:\Users\Jimmy-X\Desktop\短学期\designer\worklib\switch\sym_1\symbol.css FILE15
C:\Users\Jimmy-X\Desktop\短学期\designer\worklib\buzz\sym_1\symbol.css FILE16
C:\Users\Jimmy-X\Desktop\短学期\designer\worklib\led\sym_1\symbol.css FILE17
C:\Users\Jimmy-X\Desktop\短学期\designer\worklib\potentiometer\sym_1\symbol.css FILE18
C:\Users\Jimmy-X\Desktop\短学期\designer\worklib\lcd1602\sym_1\symbol.css FILE19
C:\Users\Jimmy-X\Desktop\短学期\designer\worklib\socket5\sym_1\symbol.css FILE20
C:\Users\Jimmy-X\Desktop\短学期\designer\worklib\socket6\sym_1\symbol.css FILE21
C:\Users\Jimmy-X\Desktop\短学期\designer\worklib\mlx90614\sym_1\symbol.css FILE22
C:\Users\Jimmy-X\Desktop\短学期\designer\worklib\socket2\sym_1\symbol.css FILE23
C:\Users\Jimmy-X\Desktop\短学期\designer\worklib\switch_lock\sym_1\symbol.css FILE24
C:\Users\Jimmy-X\Desktop\短学期\designer\worklib\capacitance\sym_1\symbol.css FILE25
C:\Users\Jimmy-X\Desktop\短学期\designer\worklib\crystal\sym_1\symbol.css FILE26
C:\Users\Jimmy-X\Desktop\短学期\designer\worklib\stc89c52\sym_1\symbol.css FILE27
C:\Users\Jimmy-X\Desktop\短学期\designer\worklib\l7805\sym_1\symbol.css FILE28
C:\Users\Jimmy-X\Desktop\短学期\designer\worklib\52\sch_1\page1_csa.lck NEWFILE29
C:/Users/Jimmy-X/Desktop/短学期/designer/worklib/52/sch_1/52.xcon FILE30
C:/Users/Jimmy-X/Desktop/短学期/designer/worklib/52/sch_1/52.dcf FILE31
C:/Cadence17/Cadence/Cadence_SPB_17.2-2016/tools/language/config.dat FILE32
temp/xxnedtmp2/concept.mkr NEWFILE33
C:/Cadence17/Cadence/Cadence_SPB_17.2-2016/tools/language/pack_type_rename.dat NEWFILE34
temp/xxnedtmp2/../b#20size#20page.mkr NEWFILE35
temp/xxnedtmp2/../l7805.mkr NEWFILE36
temp/xxnedtmp2/../capacitance.mkr NEWFILE37
temp/xxnedtmp2/../led.mkr NEWFILE38
temp/xxnedtmp2/../oled.mkr NEWFILE39
temp/xxnedtmp2/../lcd1602.mkr NEWFILE40
temp/xxnedtmp2/../bjt_pnp.mkr NEWFILE41
temp/xxnedtmp2/../resistor.mkr NEWFILE42
temp/xxnedtmp2/../at24c02.mkr NEWFILE43
temp/xxnedtmp2/../switch.mkr NEWFILE44
temp/xxnedtmp2/../buzz.mkr NEWFILE45
temp/xxnedtmp2/../potentiometer.mkr NEWFILE46
temp/xxnedtmp2/../socket5.mkr NEWFILE47
temp/xxnedtmp2/../socket6.mkr NEWFILE48
temp/xxnedtmp2/../mlx90614.mkr NEWFILE49
temp/xxnedtmp2/../socket2.mkr NEWFILE50
temp/xxnedtmp2/../switch_lock.mkr NEWFILE51
temp/xxnedtmp2/../crystal.mkr NEWFILE52
temp/xxnedtmp2/../stc89c52.mkr NEWFILE53
C:/Users/Jimmy-X/Desktop/短学期/designer/worklib/52/sch_1/52_xcon.lck NEWFILE54
C:/Users/Jimmy-X/Desktop/短学期/designer/worklib/52/sch_1/52_dcf.lck NEWFILE55
C:\Users\Jimmy-X\Desktop\短学期\designer\worklib\52\sch_1\page1.csa FILE56
C:\Users\Jimmy-X\Desktop\短学期\designer\worklib\52\sch_1\page1.csv FILE57
temp/xxnedtmp2/csnetlister.mkr NEWFILE58
C:\Users\Jimmy-X\Desktop\短学期\designer\worklib\52\sch_1\pc.db FILE59
