FILE_TYPE=LIBRARY_PARTS;
primitive 'POTENTIOMETER';
  pin
    'CCW':
      PIN_NUMBER='(1)';
      PINUSE='UNSPEC';
      NO_LOAD_CHECK='Both';
      NO_IO_CHECK='Both';
      NO_ASSERT_CHECK='TRUE';
      NO_DIR_CHECK='TRUE';
      ALLOW_CONNECT='TRUE';
    'WIPER':
      PIN_NUMBER='(2)';
      PINUSE='UNSPEC';
      NO_LOAD_CHECK='Both';
      NO_IO_CHECK='Both';
      NO_ASSERT_CHECK='TRUE';
      NO_DIR_CHECK='TRUE';
      ALLOW_CONNECT='TRUE';
    'CW':
      PIN_NUMBER='(3)';
      PINUSE='UNSPEC';
      NO_LOAD_CHECK='Both';
      NO_IO_CHECK='Both';
      NO_ASSERT_CHECK='TRUE';
      NO_DIR_CHECK='TRUE';
      ALLOW_CONNECT='TRUE';
  end_pin;
  body
    PART_NUMBER='POTENTIOMETER';
    VENDOR='*';
    BODY_NAME='POTENTIOMETER';
    PART_NAME='POTENTIOMETER';
    JEDEC_TYPE='Potentiometer';
    PHYS_DES_PREFIX='RP';
    CLASS='DISCRETE';
  end_body;
end_primitive;

END.
