temp/xxnedtmp4/event.log NEWFILE1
temp/xxnedtmp4/text.log NEWFILE2
temp/xxnedtmp4/environ.log NEWFILE3
C:\Cadence17\Cadence\Cadence_SPB_17.2-2016\share\cdssetup/concept/concepthdl.scr FILE4
C:\Users\Jimmy-X\Desktop\short_term\designer\cds.lib FILE5
C:\Users\Jimmy-X\Desktop\short_term\designer\worklib\52\sch_1\page1.csb FILE6
C:\Users\Jimmy-X\Desktop\short_term\designer\worklib\52\sch_1\page_map.lck NEWFILE7
C:\Users\Jimmy-X\Desktop\short_term\designer\worklib\52\sch_1\page1_csb.lck NEWFILE8
temp/xxnedtmp4/undo1.log NEWFILE9
C:\Cadence17\Cadence\Cadence_SPB_17.2-2016\share\library\standard\b#20size#20page\sym_1\symbol.css FILE10
C:\Users\Jimmy-X\Desktop\short_term\designer\worklib\l7805\sym_1\symbol.css FILE11
C:\Users\Jimmy-X\Desktop\short_term\designer\worklib\bjt_pnp\sym_1\symbol.css FILE12
C:\Users\Jimmy-X\Desktop\short_term\designer\worklib\resistor\sym_1\symbol.css FILE13
C:\Users\Jimmy-X\Desktop\short_term\designer\worklib\oled\sym_1\symbol.css FILE14
C:\Users\Jimmy-X\Desktop\short_term\designer\worklib\at24c02\sym_1\symbol.css FILE15
C:\Users\Jimmy-X\Desktop\short_term\designer\worklib\switch\sym_1\symbol.css FILE16
C:\Users\Jimmy-X\Desktop\short_term\designer\worklib\buzz\sym_1\symbol.css FILE17
C:\Users\Jimmy-X\Desktop\short_term\designer\worklib\led\sym_1\symbol.css FILE18
C:\Users\Jimmy-X\Desktop\short_term\designer\worklib\potentiometer\sym_1\symbol.css FILE19
C:\Users\Jimmy-X\Desktop\short_term\designer\worklib\lcd1602\sym_1\symbol.css FILE20
C:\Users\Jimmy-X\Desktop\short_term\designer\worklib\socket5\sym_1\symbol.css FILE21
C:\Users\Jimmy-X\Desktop\short_term\designer\worklib\socket6\sym_1\symbol.css FILE22
C:\Users\Jimmy-X\Desktop\short_term\designer\worklib\mlx90614\sym_1\symbol.css FILE23
C:\Users\Jimmy-X\Desktop\short_term\designer\worklib\socket2\sym_1\symbol.css FILE24
C:\Users\Jimmy-X\Desktop\short_term\designer\worklib\switch_lock\sym_1\symbol.css FILE25
C:\Users\Jimmy-X\Desktop\short_term\designer\worklib\capacitance\sym_1\symbol.css FILE26
C:\Users\Jimmy-X\Desktop\short_term\designer\worklib\crystal\sym_1\symbol.css FILE27
C:\Users\Jimmy-X\Desktop\short_term\designer\worklib\stc89c52\sym_1\symbol.css FILE28
C:\Users\Jimmy-X\Desktop\short_term\designer\worklib\52\sch_1\page1_csa.lck NEWFILE29
C:/Users/Jimmy-X/Desktop/short_term/designer/worklib/52/sch_1/52.xcon FILE30
C:/Users/Jimmy-X/Desktop/short_term/designer/worklib/52/sch_1/52.dcf FILE31
