FILE_TYPE=LIBRARY_PARTS;
primitive 'MLX90614';
  pin
    'VCC':
      PIN_NUMBER='(1)';
      PINUSE='UNSPEC';
    'GND':
      PIN_NUMBER='(2)';
      PINUSE='UNSPEC';
    'SCL':
      PIN_NUMBER='(3)';
      PINUSE='UNSPEC';
    'SDA':
      PIN_NUMBER='(4)';
      PINUSE='UNSPEC';
  end_pin;
  body
    PART_NAME='MLX90614';
    PART_NUMBER='MLX90614';
    VENDOR='*';
    BODY_NAME='MLX90614';
    JEDEC_TYPE='MLX90614';
    PHYS_DES_PREFIX='U';
    CLASS='IC';
  end_body;
end_primitive;

END.
